[debug] [2020-06-25T16:31:28.786Z] ----------------------------------------------------------------------
[debug] [2020-06-25T16:31:28.789Z] Command:       C:\Program Files\nodejs\node.exe C:\Users\jay\AppData\Roaming\npm\node_modules\firebase-tools\lib\bin\firebase.js init
[debug] [2020-06-25T16:31:28.789Z] CLI Version:   8.4.3
[debug] [2020-06-25T16:31:28.789Z] Platform:      win32
[debug] [2020-06-25T16:31:28.790Z] Node Version:  v12.16.3
[debug] [2020-06-25T16:31:28.791Z] Time:          Thu Jun 25 2020 17:31:28 GMT+0100 (British Summer Time)
[debug] [2020-06-25T16:31:28.792Z] ----------------------------------------------------------------------
[debug] [2020-06-25T16:31:28.792Z] 
[debug] [2020-06-25T16:31:28.804Z] > command requires scopes: ["email","openid","https://www.googleapis.com/auth/cloudplatformprojects.readonly","https://www.googleapis.com/auth/firebase","https://www.googleapis.com/auth/cloud-platform"]
[debug] [2020-06-25T16:31:28.805Z] > authorizing via signed-in user
[info] 
     ######## #### ########  ######## ########     ###     ######  ########
     ##        ##  ##     ## ##       ##     ##  ##   ##  ##       ##
     ######    ##  ########  ######   ########  #########  ######  ######
     ##        ##  ##    ##  ##       ##     ## ##     ##       ## ##
     ##       #### ##     ## ######## ########  ##     ##  ######  ########

You're about to initialize a Firebase project in this directory:

  D:\DTT\New folder\technonana

Before we get started, keep in mind:

  * You are initializing in an existing Firebase project directory

[info] 
=== Project Setup
[info] 
[info] First, let's associate this project directory with a Firebase project.
[info] You can create multiple project aliases by running firebase use --add, 
[info] but for now we'll just set up a default project.
[info] 
[info] i  .firebaserc already has a default project, using helpful-weft-224923. 
[debug] [2020-06-25T16:32:34.743Z] >>> HTTP REQUEST GET https://firebase.googleapis.com/v1beta1/projects/helpful-weft-224923  
 
[debug] [2020-06-25T16:32:35.126Z] <<< HTTP RESPONSE 403 {"vary":"X-Origin, Referer, Origin,Accept-Encoding","content-type":"application/json; charset=UTF-8","date":"Thu, 25 Jun 2020 16:32:34 GMT","server":"ESF","cache-control":"private","x-xss-protection":"0","x-frame-options":"SAMEORIGIN","x-content-type-options":"nosniff","alt-svc":"h3-27=\":443\"; ma=2592000,h3-25=\":443\"; ma=2592000,h3-T050=\":443\"; ma=2592000,h3-Q050=\":443\"; ma=2592000,h3-Q046=\":443\"; ma=2592000,h3-Q043=\":443\"; ma=2592000,quic=\":443\"; ma=2592000; v=\"46,43\"","accept-ranges":"none","transfer-encoding":"chunked"}
[debug] [2020-06-25T16:32:35.126Z] <<< HTTP RESPONSE BODY {"error":{"code":403,"message":"The caller does not have permission","status":"PERMISSION_DENIED"}}
[debug] [2020-06-25T16:32:35.128Z] HTTP Error: 403, The caller does not have permission
[debug] [2020-06-25T16:32:35.256Z] FirebaseError: HTTP Error: 403, The caller does not have permission
    at module.exports (C:\Users\jay\AppData\Roaming\npm\node_modules\firebase-tools\lib\responseToError.js:38:12)
    at Request._callback (C:\Users\jay\AppData\Roaming\npm\node_modules\firebase-tools\lib\api.js:41:35)
    at Request.self.callback (C:\Users\jay\AppData\Roaming\npm\node_modules\firebase-tools\node_modules\request\request.js:185:22)
    at Request.emit (events.js:310:20)
    at Request.EventEmitter.emit (domain.js:482:12)
    at Request.<anonymous> (C:\Users\jay\AppData\Roaming\npm\node_modules\firebase-tools\node_modules\request\request.js:1154:10)
    at Request.emit (events.js:310:20)
    at Request.EventEmitter.emit (domain.js:482:12)
    at IncomingMessage.<anonymous> (C:\Users\jay\AppData\Roaming\npm\node_modules\firebase-tools\node_modules\request\request.js:1076:12)
    at Object.onceWrapper (events.js:416:28)
    at IncomingMessage.emit (events.js:322:22)
    at IncomingMessage.EventEmitter.emit (domain.js:482:12)
    at endReadableNT (_stream_readable.js:1187:12)
    at processTicksAndRejections (internal/process/task_queues.js:84:21)
[error] 
[error] Error: Failed to get Firebase project helpful-weft-224923. Please make sure the project exists and your account has permission to access it.
